[2017-01-30 18:58:03] START
[2017-01-30 18:58:46] DELETE CuisineArena/controllers/default.py: -41
[2017-01-30 19:00:00] CREATE welcome.py: 0
[2017-01-30 19:00:39] CREATE welcome/landingpage.html: 0
[2017-01-30 19:01:22] EDIT CuisineArena/controllers/welcome.py: 0
[2017-01-30 19:16:05] CREATE results.py: 0
[2017-01-30 19:16:35] EDIT CuisineArena/controllers/results.py: 0
[2017-01-30 19:17:10] EDIT CuisineArena/controllers/welcome.py: 0
[2017-01-30 19:18:09] CREATE results/list.html: 0
[2017-01-30 19:19:01] EDIT CuisineArena/controllers/results.py: 1
[2017-01-30 19:22:34] CREATE resultsmodel.py: 0
[2017-01-30 19:25:26] EDIT CuisineArena/views/results/list.html: 2
[2017-01-30 19:26:02] EDIT CuisineArena/views/results/list.html: 0
[2017-01-30 19:32:41] EDIT CuisineArena/views/results/list.html: 0
[2017-01-30 19:34:48] CREATE results/restaurant.html: 0
[2017-01-30 19:35:02] EDIT CuisineArena/views/results/restaurant.html: 0
[2017-01-30 19:35:34] EDIT CuisineArena/controllers/results.py: 1
[2017-01-30 19:35:43] EDIT CuisineArena/controllers/results.py: 2
[2017-01-30 19:37:33] EDIT CuisineArena/views/results/list.html: 0
[2017-01-30 19:37:39] EDIT CuisineArena/views/results/list.html: 0
[2017-01-30 19:38:08] EDIT CuisineArena/views/results/list.html: 0
[2017-01-30 19:43:01] EDIT CuisineArena/views/results/list.html: 0
[2017-01-30 19:44:24] EDIT CuisineArena/views/results/restaurant.html: 0
[2017-01-30 19:44:47] EDIT CuisineArena/controllers/results.py: 1
[2017-01-30 19:45:03] EDIT CuisineArena/controllers/results.py: 0
[2017-01-30 19:46:42] EDIT CuisineArena/controllers/results.py: 1
[2017-01-30 19:47:13] EDIT CuisineArena/views/results/list.html: 0
[2017-01-30 19:47:37] EDIT CuisineArena/controllers/results.py: 1
[2017-01-30 19:48:30] EDIT CuisineArena/controllers/results.py: 1
[2017-01-30 19:48:34] EDIT CuisineArena/controllers/results.py: 0
[2017-01-30 19:48:47] EDIT CuisineArena/controllers/results.py: -3
[2017-01-30 19:48:49] EDIT CuisineArena/controllers/results.py: -1
[2017-01-30 19:48:58] EDIT CuisineArena/controllers/results.py: 0
[2017-01-30 19:49:24] EDIT CuisineArena/views/results/list.html: 0
[2017-01-30 19:50:24] EDIT CuisineArena/views/results/restaurant.html: 1
[2017-01-30 19:50:48] EDIT CuisineArena/views/results/restaurant.html: 0
[2017-01-30 19:51:01] EDIT CuisineArena/views/results/restaurant.html: 0
[2017-01-30 19:51:10] EDIT CuisineArena/views/results/restaurant.html: 0
[2017-01-30 19:52:23] EDIT CuisineArena/controllers/results.py: 0
[2017-01-30 19:53:06] EDIT CuisineArena/views/results/restaurant.html: 0
[2017-01-30 19:53:45] EDIT CuisineArena/views/results/restaurant.html: 1
[2017-01-30 19:54:18] EDIT CuisineArena/views/results/restaurant.html: 0
[2017-01-30 19:54:33] EDIT CuisineArena/views/results/restaurant.html: 1
[2017-01-30 19:56:00] EDIT CuisineArena/views/results/restaurant.html: -1
[2017-01-30 19:56:42] EDIT CuisineArena/views/results/list.html: 0
[2017-01-30 19:58:47] EDIT CuisineArena/controllers/results.py: 1
[2017-01-30 19:59:29] EDIT CuisineArena/controllers/results.py: 2
[2017-01-30 20:03:32] EDIT CuisineArena/controllers/results.py: 0
[2017-01-30 20:14:58] EDIT CuisineArena/controllers/results.py: 4
[2017-01-31 17:33:15] EDIT CuisineArena/views/results/restaurant.html.1: 0
[2017-02-05 21:05:29] CREATE signup.html: 0
[2017-02-05 21:05:41] CREATE welcome/signup.html: 0
[2017-02-05 21:05:49] CREATE welcome/signin.html: 0
[2017-02-05 21:05:55] DELETE CuisineArena/views/signup.html: -3
[2017-02-05 21:11:27] EDIT CuisineArena/views/welcome/signup.html: 15
[2017-02-05 21:11:49] EDIT CuisineArena/views/welcome/signin.html: 7
[2017-02-05 21:15:00] EDIT CuisineArena/controllers/welcome.py: 15
[2017-02-05 21:15:02] EDIT CuisineArena/views/welcome/landingpage.html: 0
[2017-02-05 21:15:04] EDIT CuisineArena/views/welcome/signin.html: 0
[2017-02-05 21:15:54] EDIT CuisineArena/controllers/welcome.py: 0
[2017-02-05 21:18:24] EDIT CuisineArena/controllers/welcome.py: 0
[2017-02-05 21:19:31] EDIT CuisineArena/controllers/welcome.py: 0
[2017-02-05 21:20:50] EDIT CuisineArena/views/welcome/landingpage.html: 0
[2017-02-05 21:20:57] EDIT CuisineArena/controllers/welcome.py: -2
[2017-02-05 21:21:44] EDIT CuisineArena/controllers/welcome.py: 0
[2017-02-05 21:22:38] EDIT CuisineArena/controllers/welcome.py: 0
[2017-02-05 21:22:49] EDIT CuisineArena/controllers/welcome.py: 2
[2017-02-05 21:22:59] EDIT CuisineArena/controllers/welcome.py: 0
[2017-02-05 21:23:58] EDIT CuisineArena/controllers/welcome.py: 0
[2017-02-05 21:25:13] EDIT CuisineArena/controllers/welcome.py: -1
[2017-02-05 21:26:02] EDIT CuisineArena/views/cuisinearena/arena.html: 0
[2017-02-05 21:28:03] EDIT CuisineArena/views/welcome/landingpage.html: 1
[2017-02-05 21:28:20] EDIT CuisineArena/views/welcome/landingpage.html: 0
[2017-02-05 21:28:28] EDIT CuisineArena/views/welcome/landingpage.html: 0
[2017-02-05 21:29:33] EDIT CuisineArena/views/welcome/landingpage.html: 0
[2017-02-05 21:29:45] EDIT CuisineArena/views/welcome/landingpage.html: 0
[2017-02-05 21:29:58] EDIT CuisineArena/views/welcome/landingpage.html: 0
[2017-02-05 21:30:16] EDIT CuisineArena/views/welcome/landingpage.html: 0
[2017-02-05 21:30:50] EDIT CuisineArena/views/welcome/landingpage.html: 2
[2017-02-05 21:31:07] EDIT CuisineArena/views/welcome/landingpage.html: 2
[2017-02-05 21:31:18] EDIT CuisineArena/views/welcome/landingpage.html: 1
[2017-02-05 21:37:03] EDIT CuisineArena/views/welcome/landingpage.html: 0
[2017-02-05 21:37:12] EDIT CuisineArena/views/welcome/landingpage.html: 0
[2017-02-05 21:37:21] EDIT CuisineArena/views/welcome/landingpage.html: 0
[2017-02-05 21:37:42] EDIT CuisineArena/views/welcome/landingpage.html: 0
[2017-02-05 21:37:52] EDIT CuisineArena/views/welcome/landingpage.html: 0
[2017-02-05 21:38:15] EDIT CuisineArena/views/welcome/landingpage.html: 0
[2017-02-05 21:41:08] EDIT CuisineArena/views/welcome/landingpage.html: 0
[2017-02-05 21:41:09] EDIT CuisineArena/views/welcome/signin.html: 0
[2017-02-05 21:41:11] EDIT CuisineArena/controllers/welcome.py: 0
[2017-02-05 21:41:12] EDIT CuisineArena/views/welcome/signup.html: 0
[2017-02-05 21:41:14] EDIT CuisineArena/views/cuisinearena/arena.html: 0
[2017-02-05 21:42:06] CREATE optimal.css: 0
[2017-02-05 21:42:20] DELETE CuisineArena/views/optimal.css: 0
[2017-02-05 21:42:42] CREATE welcome/intro.css: 0
[2017-02-05 21:44:07] EDIT CuisineArena/views/welcome/landingpage.html: 6
[2017-02-05 21:44:34] EDIT CuisineArena/views/welcome/landingpage.html: 0
[2017-02-05 21:49:30] EDIT CuisineArena/views/welcome/landingpage.html: 0
[2017-02-05 21:50:14] EDIT CuisineArena/views/welcome/landingpage.html: 0
[2017-02-05 21:50:23] EDIT CuisineArena/views/welcome/intro.css: 17
[2017-02-05 21:50:43] EDIT CuisineArena/views/welcome/intro.css: -2
[2017-02-05 21:52:35] EDIT CuisineArena/views/welcome/intro.css: 3
[2017-02-05 21:53:05] EDIT CuisineArena/views/welcome/intro.css: 2
[2017-02-05 21:53:33] EDIT CuisineArena/views/welcome/intro.css: 0
[2017-02-05 21:53:55] EDIT CuisineArena/views/welcome/landingpage.html: 0
[2017-02-05 21:54:21] EDIT CuisineArena/views/welcome/intro.css: 0
[2017-02-05 21:54:55] EDIT CuisineArena/views/welcome/intro.css: 0
[2017-02-05 21:55:12] EDIT CuisineArena/views/welcome/landingpage.html: 0
[2017-02-05 21:58:47] EDIT CuisineArena/views/welcome/intro.css: 3
[2017-02-05 21:58:56] EDIT CuisineArena/views/welcome/intro.css: 0
[2017-02-05 22:00:15] EDIT CuisineArena/views/welcome/landingpage.html: 0
[2017-02-05 22:03:56] EDIT CuisineArena/views/welcome/intro.css: 1
[2017-02-05 22:04:19] EDIT CuisineArena/views/welcome/landingpage.html: 0
[2017-02-05 22:05:55] EDIT CuisineArena/views/welcome/landingpage.html: 0
[2017-02-05 22:06:02] EDIT CuisineArena/views/welcome/landingpage.html: 0
[2017-02-05 22:08:10] CREATE css/welcome.css: 0
[2017-02-05 22:08:35] EDIT CuisineArena/static/css/welcome.css: 24
[2017-02-05 22:09:06] EDIT CuisineArena/views/welcome/landingpage.html: 0
[2017-02-05 22:10:00] EDIT CuisineArena/static/css/welcome.css: 0
[2017-02-05 22:10:02] EDIT CuisineArena/views/welcome/landingpage.html: 0
[2017-02-05 22:11:02] EDIT CuisineArena/views/welcome/landingpage.html: 1
[2017-02-05 22:12:46] EDIT CuisineArena/static/css/welcome.css: 0
[2017-02-05 22:13:43] EDIT CuisineArena/views/welcome/landingpage.html: -1
[2017-02-05 22:28:19] EDIT CuisineArena/views/welcome/landingpage.html: 0
[2017-02-05 22:28:39] EDIT CuisineArena/views/welcome/landingpage.html: 0
[2017-02-05 22:38:56] EDIT CuisineArena/views/welcome/landingpage.html: 0
[2017-02-05 22:38:58] EDIT CuisineArena/static/css/welcome.css: 0
